#
# There is insufficient memory for the Java Runtime Environment to continue.
# Native memory allocation (mmap) failed to map 4161536 bytes for G1 virtual space
# Possible reasons:
#   The system is out of physical RAM or swap space
#   The process is running with CompressedOops enabled, and the Java Heap may be blocking the growth of the native heap
# Possible solutions:
#   Reduce memory load on the system
#   Increase physical memory or swap space
#   Check if swap backing store is full
#   Decrease Java heap size (-Xmx/-Xms)
#   Decrease number of Java threads
#   Decrease Java thread stack sizes (-Xss)
#   Set larger code cache with -XX:ReservedCodeCacheSize=
#   JVM is running with Zero Based Compressed Oops mode in which the Java heap is
#     placed in the first 32GB address space. The Java Heap base address is the
#     maximum limit for the native heap growth. Please use -XX:HeapBaseMinAddress
#     to set the Java Heap base and to place the Java Heap above 32GB virtual address.
# This output file may be truncated or incomplete.
#
#  Out of Memory Error (os_windows.cpp:3825), pid=26100, tid=22484
#
# JRE version:  (17.0.9+7) (build )
# Java VM: OpenJDK 64-Bit Server VM (17.0.9+7-b1087.9, mixed mode, sharing, tiered, compressed oops, compressed class ptrs, g1 gc, windows-amd64)
# No core dump will be written. Minidumps are not enabled by default on client versions of Windows
#

---------------  S U M M A R Y ------------

Command Line: git4idea.http.GitAskPassApp Username for 'https://github.com': 

Host: Intel(R) Core(TM) i7-8750H CPU @ 2.20GHz, 12 cores, 15G,  Windows 11 , 64 bit Build 22621 (10.0.22621.3085)
Time: Fri Jan 26 01:03:31 2024 Malay Peninsula Standard Time elapsed time: 0.033203 seconds (0d 0h 0m 0s)

---------------  T H R E A D  ---------------

Current thread (0x0000019fd3d7e6c0):  JavaThread "Unknown thread" [_thread_in_vm, id=22484, stack(0x0000007df2b00000,0x0000007df2c00000)]

Stack: [0x0000007df2b00000,0x0000007df2c00000]
Native frames: (J=compiled Java code, j=interpreted, Vv=VM code, C=native code)
V  [jvm.dll+0x688349]
V  [jvm.dll+0x841bfa]
V  [jvm.dll+0x84383e]
V  [jvm.dll+0x843ea3]
V  [jvm.dll+0x24bdef]
V  [jvm.dll+0x6850f9]
V  [jvm.dll+0x67988a]
V  [jvm.dll+0x30cbfb]
V  [jvm.dll+0x3140a6]
V  [jvm.dll+0x363ef3]
V  [jvm.dll+0x36410f]
V  [jvm.dll+0x2e29c8]
V  [jvm.dll+0x2e3934]
V  [jvm.dll+0x812771]
V  [jvm.dll+0x371d41]
V  [jvm.dll+0x7f12bc]
V  [jvm.dll+0x3f59cf]
V  [jvm.dll+0x3f7601]
C  [jli.dll+0x528f]
C  [ucrtbase.dll+0x29363]
C  [KERNEL32.DLL+0x1257d]
C  [ntdll.dll+0x5aa58]


---------------  P R O C E S S  ---------------

Threads class SMR info:
_java_thread_list=0x00007ffd2443df18, length=0, elements={
}

Java Threads: ( => current thread )

Other Threads:
  0x0000019fd5f99470 GCTaskThread "GC Thread#0" [stack: 0x0000007df2c00000,0x0000007df2d00000] [id=22072]
  0x0000019fd5faa150 ConcurrentGCThread "G1 Main Marker" [stack: 0x0000007df2d00000,0x0000007df2e00000] [id=15052]
  0x0000019fd5fab310 ConcurrentGCThread "G1 Conc#0" [stack: 0x0000007df2e00000,0x0000007df2f00000] [id=20100]

[error occurred during error reporting (printing all threads), id 0xc0000005, EXCEPTION_ACCESS_VIOLATION (0xc0000005) at pc=0x00007ffd23bf3597]

VM state: not at safepoint (not fully initialized)

VM Mutex/Monitor currently owned by a thread:  ([mutex/lock_event])
[0x0000019fd5f2d600] Heap_lock - owner thread: 0x0000019fd3d7e6c0

Heap address: 0x0000000702600000, size: 4058 MB, Compressed Oops mode: Zero based, Oop shift amount: 3

CDS archive(s) mapped at: [0x0000000000000000-0x0000000000000000-0x0000000000000000), size 0, SharedBaseAddress: 0x0000000800000000, ArchiveRelocationMode: 1.
Narrow klass base: 0x0000000000000000, Narrow klass shift: 0, Narrow klass range: 0x0

GC Precious Log:
<Empty>

Heap:
 garbage-first heap   total 0K, used 0K [0x0000000702600000, 0x0000000800000000)
  region size 2048K, 0 young (0K), 0 survivors (0K)
 Metaspace       used 0K, committed 0K, reserved 0K
  class space    used 0K, committed 0K, reserved 0K

Heap Regions: E=young(eden), S=young(survivor), O=old, HS=humongous(starts), HC=humongous(continues), CS=collection set, F=free, OA=open archive, CA=closed archive, TAMS=top-at-mark-start (previous, next)

Card table byte_map: [0x0000019fe93f0000,0x0000019fe9be0000] _byte_map_base: 0x0000019fe5bdd000

Marking Bits (Prev, Next): (CMBitMap*) 0x0000019fd5f99a90, (CMBitMap*) 0x0000019fd5f99ad0
 Prev Bits: [0x0000019fea3d0000, 0x0000019fee338000)
 Next Bits: [0x0000019fee340000, 0x0000019ff22a8000)

GC Heap History (0 events):
No events

Dll operation events (1 events):
Event: 0.019 Loaded shared library C:\Program Files\JetBrains\PyCharm 2023.1.3\jbr\bin\java.dll

Deoptimization events (0 events):
No events

Classes unloaded (0 events):
No events

Classes redefined (0 events):
No events

Internal exceptions (0 events):
No events

VM Operations (0 events):
No events

Events (0 events):
No events


Dynamic libraries:
0x00007ff62b630000 - 0x00007ff62b63a000 	C:\Program Files\JetBrains\PyCharm 2023.1.3\jbr\bin\java.exe
0x00007ffdf8630000 - 0x00007ffdf8847000 	C:\WINDOWS\SYSTEM32\ntdll.dll
0x00007ffdf7050000 - 0x00007ffdf7114000 	C:\WINDOWS\System32\KERNEL32.DLL
0x00007ffdf5fd0000 - 0x00007ffdf6376000 	C:\WINDOWS\System32\KERNELBASE.dll
0x00007ffdf5970000 - 0x00007ffdf5a81000 	C:\WINDOWS\System32\ucrtbase.dll
0x00007ffd553e0000 - 0x00007ffd553fb000 	C:\Program Files\JetBrains\PyCharm 2023.1.3\jbr\bin\VCRUNTIME140.dll
0x00007ffdc78b0000 - 0x00007ffdc78c7000 	C:\Program Files\JetBrains\PyCharm 2023.1.3\jbr\bin\jli.dll
0x00007ffdf8440000 - 0x00007ffdf85ee000 	C:\WINDOWS\System32\USER32.dll
0x00007ffdf5d20000 - 0x00007ffdf5d46000 	C:\WINDOWS\System32\win32u.dll
0x00007ffdd2a40000 - 0x00007ffdd2cd3000 	C:\WINDOWS\WinSxS\amd64_microsoft.windows.common-controls_6595b64144ccf1df_6.0.22621.2506_none_270c5ae97388e100\COMCTL32.dll
0x00007ffdf6670000 - 0x00007ffdf6699000 	C:\WINDOWS\System32\GDI32.dll
0x00007ffdf68f0000 - 0x00007ffdf6997000 	C:\WINDOWS\System32\msvcrt.dll
0x00007ffdf5ac0000 - 0x00007ffdf5bd8000 	C:\WINDOWS\System32\gdi32full.dll
0x00007ffdf5ec0000 - 0x00007ffdf5f5a000 	C:\WINDOWS\System32\msvcp_win.dll
0x00007ffdf7220000 - 0x00007ffdf7251000 	C:\WINDOWS\System32\IMM32.DLL
0x00007ffdee1b0000 - 0x00007ffdee1bc000 	C:\Program Files\JetBrains\PyCharm 2023.1.3\jbr\bin\vcruntime140_1.dll
0x00007ffd20930000 - 0x00007ffd209bd000 	C:\Program Files\JetBrains\PyCharm 2023.1.3\jbr\bin\msvcp140.dll
0x00007ffd23900000 - 0x00007ffd24582000 	C:\Program Files\JetBrains\PyCharm 2023.1.3\jbr\bin\server\jvm.dll
0x00007ffdf8280000 - 0x00007ffdf8333000 	C:\WINDOWS\System32\ADVAPI32.dll
0x00007ffdf6fa0000 - 0x00007ffdf7048000 	C:\WINDOWS\System32\sechost.dll
0x00007ffdf5a90000 - 0x00007ffdf5ab8000 	C:\WINDOWS\System32\bcrypt.dll
0x00007ffdf67d0000 - 0x00007ffdf68e7000 	C:\WINDOWS\System32\RPCRT4.dll
0x00007ffdef250000 - 0x00007ffdef284000 	C:\WINDOWS\SYSTEM32\WINMM.dll
0x00007ffdf4800000 - 0x00007ffdf484d000 	C:\WINDOWS\SYSTEM32\POWRPROF.dll
0x00007ffdee190000 - 0x00007ffdee199000 	C:\WINDOWS\SYSTEM32\WSOCK32.dll
0x00007ffdeeba0000 - 0x00007ffdeebaa000 	C:\WINDOWS\SYSTEM32\VERSION.dll
0x00007ffdf66a0000 - 0x00007ffdf6711000 	C:\WINDOWS\System32\WS2_32.dll
0x00007ffdf47e0000 - 0x00007ffdf47f3000 	C:\WINDOWS\SYSTEM32\UMPDC.dll
0x00007ffdf4aa0000 - 0x00007ffdf4ab8000 	C:\WINDOWS\SYSTEM32\kernel.appcore.dll
0x00007ffdeeaf0000 - 0x00007ffdeeafa000 	C:\Program Files\JetBrains\PyCharm 2023.1.3\jbr\bin\jimage.dll
0x00007ffdf33b0000 - 0x00007ffdf35e3000 	C:\WINDOWS\SYSTEM32\DBGHELP.DLL
0x00007ffdf6aa0000 - 0x00007ffdf6e29000 	C:\WINDOWS\System32\combase.dll
0x00007ffdf7fe0000 - 0x00007ffdf80b7000 	C:\WINDOWS\System32\OLEAUT32.dll
0x00007ffde7c10000 - 0x00007ffde7c42000 	C:\WINDOWS\SYSTEM32\dbgcore.DLL
0x00007ffdf5ca0000 - 0x00007ffdf5d1a000 	C:\WINDOWS\System32\bcryptPrimitives.dll
0x00007ffdd7110000 - 0x00007ffdd7135000 	C:\Program Files\JetBrains\PyCharm 2023.1.3\jbr\bin\java.dll

dbghelp: loaded successfully - version: 4.0.5 - missing functions: none
symbol engine: initialized successfully - sym options: 0x614 - pdb path: .;C:\Program Files\JetBrains\PyCharm 2023.1.3\jbr\bin;C:\WINDOWS\SYSTEM32;C:\WINDOWS\WinSxS\amd64_microsoft.windows.common-controls_6595b64144ccf1df_6.0.22621.2506_none_270c5ae97388e100;C:\Program Files\JetBrains\PyCharm 2023.1.3\jbr\bin\server

VM Arguments:
java_command: git4idea.http.GitAskPassApp Username for 'https://github.com': 
java_class_path (initial): C:/Program Files/JetBrains/PyCharm 2023.1.3/plugins/vcs-git/lib/git4idea-rt.jar;C:/Program Files/JetBrains/PyCharm 2023.1.3/lib/externalProcess-rt.jar
Launcher Type: SUN_STANDARD

[Global flags]
     intx CICompilerCount                          = 4                                         {product} {ergonomic}
     uint ConcGCThreads                            = 3                                         {product} {ergonomic}
     uint G1ConcRefinementThreads                  = 10                                        {product} {ergonomic}
   size_t G1HeapRegionSize                         = 2097152                                   {product} {ergonomic}
    uintx GCDrainStackTargetSize                   = 64                                        {product} {ergonomic}
   size_t InitialHeapSize                          = 266338304                                 {product} {ergonomic}
   size_t MarkStackSize                            = 4194304                                   {product} {ergonomic}
   size_t MaxHeapSize                              = 4255121408                                {product} {ergonomic}
   size_t MinHeapDeltaBytes                        = 2097152                                   {product} {ergonomic}
   size_t MinHeapSize                              = 8388608                                   {product} {ergonomic}
    uintx NonNMethodCodeHeapSize                   = 5839372                                {pd product} {ergonomic}
    uintx NonProfiledCodeHeapSize                  = 122909434                              {pd product} {ergonomic}
    uintx ProfiledCodeHeapSize                     = 122909434                              {pd product} {ergonomic}
    uintx ReservedCodeCacheSize                    = 251658240                              {pd product} {ergonomic}
     bool SegmentedCodeCache                       = true                                      {product} {ergonomic}
   size_t SoftMaxHeapSize                          = 4255121408                             {manageable} {ergonomic}
     bool UseCompressedClassPointers               = true                           {product lp64_product} {ergonomic}
     bool UseCompressedOops                        = true                           {product lp64_product} {ergonomic}
     bool UseG1GC                                  = true                                      {product} {ergonomic}
     bool UseLargePagesIndividualAllocation        = false                                  {pd product} {ergonomic}

Logging:
Log output configuration:
 #0: stdout all=warning uptime,level,tags
 #1: stderr all=off uptime,level,tags

Environment Variables:
PATH=C:/Program Files/Git/mingw64/libexec/git-core;C:/Program Files/Git/mingw64/libexec/git-core;C:\Program Files\Git\mingw64\bin;C:\Program Files\Git\usr\bin;C:\Users\USER\bin;C:\Program Files (x86)\Common Files\Oracle\Java\javapath;C:\ProgramData\Oracle\Java\javapath;C:\Program Files (x86)\Common Files\Intel\Shared Libraries\redist\intel64\compiler;C:\Program Files\Java\jdk-17\bin;C:\Program Files\Common Files\Oracle\Java\javapath;C:\Windows\system32;C:\Windows;C:\Windows\System32\Wbem;C:\Windows\System32\WindowsPowerShell\v1.0\;C:\Windows\System32\OpenSSH\;C:\Program Files\Intel\WiFi\bin\;C:\Program Files\Common Files\Intel\WirelessCommon\;C:\WINDOWS\system32;C:\WINDOWS;C:\WINDOWS\System32\Wbem;C:\WINDOWS\System32\WindowsPowerShell\v1.0\;C:\WINDOWS\System32\OpenSSH\;C:\Program Files (x86)\NVIDIA Corporation\PhysX\Common;C:\Program Files\NVIDIA Corporation\NVIDIA NvDLISR;C:\Program Files\dotnet\;C:\WINDOWS\system32;C:\WINDOWS;C:\WINDOWS\System32\Wbem;C:\WINDOWS\System32\WindowsPowerShell\v1.0\;C:\WINDOWS\System32\OpenSSH\;C:\Users\USER\AppData\Local\Programs\Python\Python310\Scripts;C:\Program Files\Git\cmd;C:\Program Files\nodejs\;C:\Program Files\MySQL\MySQL Shell 8.0\bin\;C:\Users\USER\AppData\Local\Microsoft\WindowsApps;D:\Microsoft VS Code\bin;D:\Games\Fiddler;C:\Users\USER\AppData\Local\Microsoft\WindowsApps;C:\Users\USER\AppData\Local\GitHubDesktop\bin;C:\Users\USER\.dotnet\tools;flutter\bin;C:\Users\USER\AppData\Roaming\npm
USERNAME=IMAN ZULHAKIM
DISPLAY=:0.0
LC_ALL=en_US.UTF-8
TERM=xterm-256color
TMPDIR=C:\Users\USER\AppData\Local\Temp
OS=Windows_NT
PROCESSOR_IDENTIFIER=Intel64 Family 6 Model 158 Stepping 10, GenuineIntel
TMP=C:\Users\USER\AppData\Local\Temp
TEMP=C:\Users\USER\AppData\Local\Temp



Periodic native trim disabled

JNI global refs:
JNI global refs: 0, weak refs: 0

JNI global refs memory usage: 0, weak refs: 0

OOME stack traces (most recent first):
Classloader memory used:


---------------  S Y S T E M  ---------------

OS:
 Windows 11 , 64 bit Build 22621 (10.0.22621.3085)
OS uptime: 0 days 14:00 hours

CPU: total 12 (initial active 12) (6 cores per cpu, 2 threads per core) family 6 model 158 stepping 10 microcode 0xde, cx8, cmov, fxsr, ht, mmx, 3dnowpref, sse, sse2, sse3, ssse3, sse4.1, sse4.2, popcnt, lzcnt, tsc, tscinvbit, avx, avx2, aes, erms, clmul, bmi1, bmi2, adx, fma, vzeroupper, clflush, clflushopt
Processor Information for all 12 processors :
  Max Mhz: 2201, Current Mhz: 2200, Mhz Limit: 2178

Memory: 4k page, system-wide physical 16229M (1746M free)
TotalPageFile size 34676M (AvailPageFile size 5M)
current process WorkingSet (physical memory assigned to process): 11M, peak: 11M
current process commit charge ("private bytes"): 319M, peak: 323M

vm_info: OpenJDK 64-Bit Server VM (17.0.9+7-b1087.9) for windows-amd64 JRE (17.0.9+7-b1087.9), built on 2023-12-05 by "builduser" with MS VC++ 16.10 / 16.11 (VS2019)

END.
